<?xml version="1.0" encoding="UTF-8"?>
<coverage generated="1558490667118" clover="3.2.0">
  <project timestamp="1558490667118" name="All files">
    <metrics statements="52" coveredstatements="17" conditionals="11" coveredconditionals="2" methods="14" coveredmethods="0" elements="77" coveredelements="19" complexity="0" loc="52" ncloc="52" packages="2" files="2" classes="2">
      <package name="lab-07-api-server">
        <metrics statements="2" coveredstatements="1" conditionals="0" coveredconditionals="0" methods="1" coveredmethods="0"/>
        <file name="errorHandler.js" path="/Users/rebeccapeterson/codefellows/401/Labs/lab-07-api-server/errorHandler.js">
          <metrics statements="2" coveredstatements="1" conditionals="0" coveredconditionals="0" methods="1" coveredmethods="0"/>
          <line num="2" count="1" type="stmt"/>
          <line num="3" count="0" type="stmt"/>
        </file>
      </package>
      <package name="lab-07-api-server.lib">
        <metrics statements="50" coveredstatements="16" conditionals="11" coveredconditionals="2" methods="13" coveredmethods="0"/>
        <file name="server.js" path="/Users/rebeccapeterson/codefellows/401/Labs/lab-07-api-server/lib/server.js">
          <metrics statements="50" coveredstatements="16" conditionals="11" coveredconditionals="2" methods="13" coveredmethods="0"/>
          <line num="3" count="1" type="stmt"/>
          <line num="5" count="1" type="stmt"/>
          <line num="7" count="1" type="stmt"/>
          <line num="9" count="1" type="cond" truecount="2" falsecount="0"/>
          <line num="11" count="1" type="stmt"/>
          <line num="15" count="1" type="stmt"/>
          <line num="16" count="0" type="stmt"/>
          <line num="17" count="0" type="stmt"/>
          <line num="19" count="0" type="stmt"/>
          <line num="20" count="0" type="stmt"/>
          <line num="21" count="0" type="stmt"/>
          <line num="24" count="0" type="cond" truecount="0" falsecount="4"/>
          <line num="25" count="0" type="stmt"/>
          <line num="26" count="0" type="stmt"/>
          <line num="28" count="0" type="stmt"/>
          <line num="29" count="0" type="stmt"/>
          <line num="34" count="1" type="stmt"/>
          <line num="36" count="1" type="stmt"/>
          <line num="40" count="1" type="stmt"/>
          <line num="41" count="0" type="stmt"/>
          <line num="42" count="0" type="stmt"/>
          <line num="45" count="1" type="stmt"/>
          <line num="46" count="0" type="stmt"/>
          <line num="47" count="0" type="stmt"/>
          <line num="48" count="0" type="stmt"/>
          <line num="51" count="1" type="stmt"/>
          <line num="52" count="0" type="stmt"/>
          <line num="53" count="0" type="stmt"/>
          <line num="54" count="0" type="stmt"/>
          <line num="58" count="1" type="stmt"/>
          <line num="59" count="0" type="stmt"/>
          <line num="60" count="0" type="stmt"/>
          <line num="61" count="0" type="stmt"/>
          <line num="62" count="0" type="stmt"/>
          <line num="63" count="0" type="stmt"/>
          <line num="66" count="1" type="stmt"/>
          <line num="67" count="0" type="stmt"/>
          <line num="68" count="0" type="stmt"/>
          <line num="69" count="0" type="stmt"/>
          <line num="70" count="0" type="cond" truecount="0" falsecount="2"/>
          <line num="71" count="0" type="stmt"/>
          <line num="74" count="1" type="stmt"/>
          <line num="75" count="0" type="stmt"/>
          <line num="76" count="0" type="stmt"/>
          <line num="77" count="0" type="stmt"/>
          <line num="78" count="0" type="stmt"/>
          <line num="81" count="1" type="stmt"/>
          <line num="84" count="0" type="cond" truecount="0" falsecount="3"/>
          <line num="85" count="0" type="stmt"/>
          <line num="89" count="1" type="stmt"/>
        </file>
      </package>
    </metrics>
  </project>
</coverage>
