{"/Users/rebeccapeterson/codefellows/401/Labs/lab-07-api-server/errorHandler.js": {"path":"/Users/rebeccapeterson/codefellows/401/Labs/lab-07-api-server/errorHandler.js","statementMap":{"0":{"start":{"line":2,"column":0},"end":{"line":4,"column":2}},"1":{"start":{"line":3,"column":2},"end":{"line":3,"column":36}}},"fnMap":{"0":{"name":"(anonymous_0)","decl":{"start":{"line":2,"column":17},"end":{"line":2,"column":18}},"loc":{"start":{"line":2,"column":42},"end":{"line":4,"column":1}},"line":2}},"branchMap":{},"s":{"0":1,"1":0},"f":{"0":0},"b":{},"_coverageSchema":"332fd63041d2c1bcb487cc26dd0d5f7d97098a6c","hash":"bfbf20d56c84e978c9e2c59710db52e7e86e9ffb"}
,"/Users/rebeccapeterson/codefellows/401/Labs/lab-07-api-server/lib/server.js": {"path":"/Users/rebeccapeterson/codefellows/401/Labs/lab-07-api-server/lib/server.js","statementMap":{"0":{"start":{"line":3,"column":16},"end":{"line":3,"column":34}},"1":{"start":{"line":5,"column":21},"end":{"line":5,"column":50}},"2":{"start":{"line":7,"column":12},"end":{"line":7,"column":21}},"3":{"start":{"line":9,"column":13},"end":{"line":9,"column":37}},"4":{"start":{"line":11,"column":15},"end":{"line":13,"column":1}},"5":{"start":{"line":15,"column":17},"end":{"line":32,"column":1}},"6":{"start":{"line":16,"column":17},"end":{"line":16,"column":20}},"7":{"start":{"line":17,"column":15},"end":{"line":17,"column":34}},"8":{"start":{"line":19,"column":16},"end":{"line":22,"column":4}},"9":{"start":{"line":20,"column":4},"end":{"line":20,"column":42}},"10":{"start":{"line":21,"column":4},"end":{"line":21,"column":36}},"11":{"start":{"line":24,"column":2},"end":{"line":30,"column":3}},"12":{"start":{"line":25,"column":4},"end":{"line":25,"column":37}},"13":{"start":{"line":26,"column":4},"end":{"line":26,"column":11}},"14":{"start":{"line":28,"column":4},"end":{"line":28,"column":38}},"15":{"start":{"line":29,"column":4},"end":{"line":29,"column":52}},"16":{"start":{"line":34,"column":9},"end":{"line":34,"column":11}},"17":{"start":{"line":36,"column":0},"end":{"line":36,"column":24}},"18":{"start":{"line":40,"column":0},"end":{"line":43,"column":3}},"19":{"start":{"line":41,"column":2},"end":{"line":41,"column":44}},"20":{"start":{"line":42,"column":2},"end":{"line":42,"column":9}},"21":{"start":{"line":45,"column":0},"end":{"line":49,"column":3}},"22":{"start":{"line":46,"column":14},"end":{"line":46,"column":23}},"23":{"start":{"line":47,"column":16},"end":{"line":47,"column":18}},"24":{"start":{"line":48,"column":2},"end":{"line":48,"column":28}},"25":{"start":{"line":51,"column":0},"end":{"line":55,"column":3}},"26":{"start":{"line":52,"column":11},"end":{"line":52,"column":24}},"27":{"start":{"line":53,"column":15},"end":{"line":53,"column":64}},"28":{"start":{"line":53,"column":37},"end":{"line":53,"column":63}},"29":{"start":{"line":54,"column":2},"end":{"line":54,"column":22}},"30":{"start":{"line":58,"column":0},"end":{"line":64,"column":3}},"31":{"start":{"line":59,"column":15},"end":{"line":59,"column":23}},"32":{"start":{"line":60,"column":15},"end":{"line":60,"column":21}},"33":{"start":{"line":61,"column":2},"end":{"line":61,"column":28}},"34":{"start":{"line":62,"column":2},"end":{"line":62,"column":18}},"35":{"start":{"line":63,"column":2},"end":{"line":63,"column":19}},"36":{"start":{"line":66,"column":0},"end":{"line":72,"column":3}},"37":{"start":{"line":67,"column":11},"end":{"line":67,"column":24}},"38":{"start":{"line":68,"column":15},"end":{"line":68,"column":23}},"39":{"start":{"line":69,"column":22},"end":{"line":69,"column":32}},"40":{"start":{"line":70,"column":2},"end":{"line":70,"column":80}},"41":{"start":{"line":70,"column":27},"end":{"line":70,"column":78}},"42":{"start":{"line":71,"column":2},"end":{"line":71,"column":26}},"43":{"start":{"line":74,"column":0},"end":{"line":79,"column":3}},"44":{"start":{"line":75,"column":11},"end":{"line":75,"column":24}},"45":{"start":{"line":76,"column":2},"end":{"line":76,"column":59}},"46":{"start":{"line":76,"column":30},"end":{"line":76,"column":56}},"47":{"start":{"line":77,"column":2},"end":{"line":77,"column":39}},"48":{"start":{"line":78,"column":2},"end":{"line":78,"column":15}},"49":{"start":{"line":81,"column":0},"end":{"line":87,"column":2}},"50":{"start":{"line":84,"column":15},"end":{"line":84,"column":47}},"51":{"start":{"line":85,"column":4},"end":{"line":85,"column":64}},"52":{"start":{"line":85,"column":27},"end":{"line":85,"column":62}},"53":{"start":{"line":89,"column":0},"end":{"line":89,"column":22}}},"fnMap":{"0":{"name":"(anonymous_0)","decl":{"start":{"line":15,"column":17},"end":{"line":15,"column":18}},"loc":{"start":{"line":15,"column":37},"end":{"line":32,"column":1}},"line":15},"1":{"name":"(anonymous_1)","decl":{"start":{"line":19,"column":27},"end":{"line":19,"column":28}},"loc":{"start":{"line":19,"column":34},"end":{"line":22,"column":3}},"line":19},"2":{"name":"(anonymous_2)","decl":{"start":{"line":40,"column":9},"end":{"line":40,"column":10}},"loc":{"start":{"line":40,"column":27},"end":{"line":43,"column":1}},"line":40},"3":{"name":"(anonymous_3)","decl":{"start":{"line":45,"column":23},"end":{"line":45,"column":24}},"loc":{"start":{"line":45,"column":41},"end":{"line":49,"column":1}},"line":45},"4":{"name":"(anonymous_4)","decl":{"start":{"line":51,"column":27},"end":{"line":51,"column":28}},"loc":{"start":{"line":51,"column":45},"end":{"line":55,"column":1}},"line":51},"5":{"name":"(anonymous_5)","decl":{"start":{"line":53,"column":25},"end":{"line":53,"column":26}},"loc":{"start":{"line":53,"column":37},"end":{"line":53,"column":63}},"line":53},"6":{"name":"(anonymous_6)","decl":{"start":{"line":58,"column":34},"end":{"line":58,"column":35}},"loc":{"start":{"line":58,"column":52},"end":{"line":64,"column":1}},"line":58},"7":{"name":"(anonymous_7)","decl":{"start":{"line":66,"column":27},"end":{"line":66,"column":28}},"loc":{"start":{"line":66,"column":45},"end":{"line":72,"column":1}},"line":66},"8":{"name":"(anonymous_8)","decl":{"start":{"line":70,"column":15},"end":{"line":70,"column":16}},"loc":{"start":{"line":70,"column":27},"end":{"line":70,"column":78}},"line":70},"9":{"name":"(anonymous_9)","decl":{"start":{"line":74,"column":30},"end":{"line":74,"column":31}},"loc":{"start":{"line":74,"column":48},"end":{"line":79,"column":1}},"line":74},"10":{"name":"(anonymous_10)","decl":{"start":{"line":76,"column":18},"end":{"line":76,"column":19}},"loc":{"start":{"line":76,"column":30},"end":{"line":76,"column":56}},"line":76},"11":{"name":"(anonymous_11)","decl":{"start":{"line":83,"column":9},"end":{"line":83,"column":10}},"loc":{"start":{"line":83,"column":17},"end":{"line":86,"column":3}},"line":83},"12":{"name":"(anonymous_12)","decl":{"start":{"line":85,"column":21},"end":{"line":85,"column":22}},"loc":{"start":{"line":85,"column":27},"end":{"line":85,"column":62}},"line":85}},"branchMap":{"0":{"loc":{"start":{"line":9,"column":13},"end":{"line":9,"column":37}},"type":"binary-expr","locations":[{"start":{"line":9,"column":13},"end":{"line":9,"column":29}},{"start":{"line":9,"column":33},"end":{"line":9,"column":37}}],"line":9},"1":{"loc":{"start":{"line":24,"column":2},"end":{"line":30,"column":3}},"type":"if","locations":[{"start":{"line":24,"column":2},"end":{"line":30,"column":3}},{"start":{"line":24,"column":2},"end":{"line":30,"column":3}}],"line":24},"2":{"loc":{"start":{"line":24,"column":5},"end":{"line":24,"column":56}},"type":"binary-expr","locations":[{"start":{"line":24,"column":5},"end":{"line":24,"column":12}},{"start":{"line":24,"column":16},"end":{"line":24,"column":56}}],"line":24},"3":{"loc":{"start":{"line":70,"column":27},"end":{"line":70,"column":78}},"type":"cond-expr","locations":[{"start":{"line":70,"column":56},"end":{"line":70,"column":69}},{"start":{"line":70,"column":72},"end":{"line":70,"column":78}}],"line":70},"4":{"loc":{"start":{"line":84,"column":15},"end":{"line":84,"column":47}},"type":"binary-expr","locations":[{"start":{"line":84,"column":15},"end":{"line":84,"column":19}},{"start":{"line":84,"column":23},"end":{"line":84,"column":39}},{"start":{"line":84,"column":43},"end":{"line":84,"column":47}}],"line":84}},"s":{"0":1,"1":1,"2":1,"3":1,"4":1,"5":1,"6":0,"7":0,"8":0,"9":0,"10":0,"11":0,"12":0,"13":0,"14":0,"15":0,"16":1,"17":1,"18":1,"19":0,"20":0,"21":1,"22":0,"23":0,"24":0,"25":1,"26":0,"27":0,"28":0,"29":0,"30":1,"31":0,"32":0,"33":0,"34":0,"35":0,"36":1,"37":0,"38":0,"39":0,"40":0,"41":0,"42":0,"43":1,"44":0,"45":0,"46":0,"47":0,"48":0,"49":1,"50":0,"51":0,"52":0,"53":1},"f":{"0":0,"1":0,"2":0,"3":0,"4":0,"5":0,"6":0,"7":0,"8":0,"9":0,"10":0,"11":0,"12":0},"b":{"0":[1,1],"1":[0,0],"2":[0,0],"3":[0,0],"4":[0,0,0]},"_coverageSchema":"332fd63041d2c1bcb487cc26dd0d5f7d97098a6c","hash":"27f54e58e618fb92bcf4842dc1a3d0414cf12b5d"}
}
